TN:
SF:C:\Users\fsommer\Documents\Seed-Test\Seed-Test\frontend\src\polyfills.ts
FNF:0
FNH:0
LF:0
LH:0
BRF:0
BRH:0
end_of_record
TN:
SF:C:\Users\fsommer\Documents\Seed-Test\Seed-Test\frontend\src\test.ts
FNF:0
FNH:0
DA:13,1
DA:18,1
DA:20,1
LF:3
LH:3
BRF:0
BRH:0
end_of_record
TN:
SF:C:\Users\fsommer\Documents\Seed-Test\Seed-Test\frontend\src\app\app.component.ts
FN:10,(anonymous_2)
FN:19,AppComponent
FN:22,(anonymous_4)
FN:29,(anonymous_5)
FN:38,(anonymous_6)
FN:47,(anonymous_7)
FN:57,(anonymous_8)
FN:66,(anonymous_9)
FN:69,(anonymous_10)
FN:70,(anonymous_11)
FN:77,(anonymous_12)
FN:83,(anonymous_13)
FN:87,(anonymous_14)
FNF:13
FNH:6
FNDA:1,(anonymous_2)
FNDA:7,AppComponent
FNDA:5,(anonymous_4)
FNDA:0,(anonymous_5)
FNDA:0,(anonymous_6)
FNDA:7,(anonymous_7)
FNDA:5,(anonymous_8)
FNDA:1,(anonymous_9)
FNDA:0,(anonymous_10)
FNDA:0,(anonymous_11)
FNDA:0,(anonymous_12)
FNDA:0,(anonymous_13)
FNDA:0,(anonymous_14)
DA:10,1
DA:13,7
DA:14,7
DA:16,7
DA:17,7
DA:19,7
DA:22,1
DA:23,5
DA:24,5
DA:25,5
DA:29,1
DA:30,0
DA:31,0
DA:32,0
DA:33,0
DA:34,0
DA:38,1
DA:39,0
DA:40,0
DA:41,0
DA:42,0
DA:43,0
DA:47,1
DA:48,7
DA:49,7
DA:50,7
DA:52,7
DA:53,1
DA:57,1
DA:58,5
DA:59,5
DA:60,5
DA:61,5
DA:62,0
DA:66,1
DA:67,1
DA:68,1
DA:69,1
DA:70,0
DA:71,0
DA:77,1
DA:78,0
DA:79,0
DA:80,0
DA:81,0
DA:82,0
DA:83,0
DA:87,1
DA:88,0
DA:89,0
DA:90,0
DA:91,0
DA:93,1
LF:53
LH:30
BRDA:24,0,0,5
BRDA:24,0,1,0
BRDA:32,1,0,0
BRDA:32,1,1,0
BRDA:41,2,0,0
BRDA:41,2,1,0
BRDA:52,3,0,1
BRDA:52,3,1,6
BRDA:52,4,0,7
BRDA:52,4,1,1
BRDA:61,5,0,0
BRDA:61,5,1,5
BRDA:61,6,0,5
BRDA:61,6,1,5
BRDA:61,6,2,5
BRF:15
BRH:9
end_of_record
TN:
SF:C:\Users\fsommer\Documents\Seed-Test\Seed-Test\frontend\src\app\Services\api.service.ts
FN:13,(anonymous_2)
FN:20,ApiService
FN:23,(anonymous_4)
FN:30,(anonymous_5)
FN:40,(anonymous_6)
FN:46,(anonymous_7)
FN:51,(anonymous_8)
FN:57,(anonymous_9)
FN:65,(anonymous_10)
FN:73,(anonymous_11)
FN:78,(anonymous_12)
FN:82,(anonymous_13)
FN:87,(anonymous_14)
FN:92,(anonymous_15)
FN:97,(anonymous_16)
FN:102,(anonymous_17)
FN:107,(anonymous_18)
FN:112,(anonymous_19)
FN:117,(anonymous_20)
FN:122,(anonymous_21)
FN:127,(anonymous_22)
FN:132,(anonymous_23)
FN:138,(anonymous_24)
FN:149,(anonymous_25)
FN:155,(anonymous_26)
FNF:25
FNH:24
FNDA:1,(anonymous_2)
FNDA:91,ApiService
FNDA:2,(anonymous_4)
FNDA:1,(anonymous_5)
FNDA:1,(anonymous_6)
FNDA:0,(anonymous_7)
FNDA:10,(anonymous_8)
FNDA:1,(anonymous_9)
FNDA:1,(anonymous_10)
FNDA:1,(anonymous_11)
FNDA:1,(anonymous_12)
FNDA:1,(anonymous_13)
FNDA:1,(anonymous_14)
FNDA:1,(anonymous_15)
FNDA:1,(anonymous_16)
FNDA:1,(anonymous_17)
FNDA:1,(anonymous_18)
FNDA:1,(anonymous_19)
FNDA:1,(anonymous_20)
FNDA:1,(anonymous_21)
FNDA:1,(anonymous_22)
FNDA:1,(anonymous_23)
FNDA:2,(anonymous_24)
FNDA:2,(anonymous_25)
FNDA:3,(anonymous_26)
DA:13,1
DA:14,91
DA:16,91
DA:17,91
DA:18,91
DA:19,91
DA:20,91
DA:23,1
DA:24,2
DA:30,1
DA:31,1
DA:32,1
DA:33,0
DA:35,1
DA:36,1
DA:38,1
DA:39,1
DA:46,1
DA:47,0
DA:48,0
DA:51,10
DA:52,10
DA:53,10
DA:54,0
DA:55,0
DA:57,10
DA:58,1
DA:59,1
DA:60,1
DA:65,1
DA:66,1
DA:67,1
DA:68,0
DA:70,1
DA:71,1
DA:74,1
DA:78,1
DA:79,1
DA:80,1
DA:87,1
DA:88,1
DA:90,1
DA:97,1
DA:98,1
DA:100,1
DA:107,1
DA:108,1
DA:110,1
DA:117,1
DA:118,1
DA:120,1
DA:127,1
DA:128,1
DA:130,1
DA:138,1
DA:139,2
DA:141,2
DA:142,1
DA:145,1
DA:149,1
DA:150,2
DA:151,2
DA:152,1
DA:155,1
DA:156,3
DA:158,1
LF:66
LH:60
BRDA:32,0,0,0
BRDA:32,0,1,1
BRDA:32,1,0,1
BRDA:32,1,1,1
BRDA:53,2,0,0
BRDA:53,2,1,10
BRDA:53,3,0,10
BRDA:53,3,1,0
BRDA:67,4,0,0
BRDA:67,4,1,1
BRDA:67,5,0,1
BRDA:67,5,1,1
BRDA:141,6,0,1
BRDA:141,6,1,1
BRDA:151,7,0,1
BRDA:151,7,1,1
BRF:16
BRH:12
end_of_record
TN:
SF:C:\Users\fsommer\Documents\Seed-Test\Seed-Test\frontend\src\app\editable\edit-mode.directive.ts
FN:6,(anonymous_2)
FN:7,EditModeDirective
FNF:2
FNH:1
FNDA:1,(anonymous_2)
FNDA:0,EditModeDirective
DA:6,1
DA:7,0
DA:8,1
LF:3
LH:2
BRF:0
BRH:0
end_of_record
TN:
SF:C:\Users\fsommer\Documents\Seed-Test\Seed-Test\frontend\src\app\editable\editable.component.ts
FN:16,(anonymous_2)
FN:27,EditableComponent
FN:30,(anonymous_4)
FN:35,(anonymous_5)
FN:40,(anonymous_6)
FN:44,(anonymous_7)
FN:47,(anonymous_8)
FN:53,(anonymous_9)
FN:55,(anonymous_10)
FN:61,(anonymous_11)
FN:64,(anonymous_12)
FN:68,(anonymous_13)
FNF:12
FNH:1
FNDA:1,(anonymous_2)
FNDA:0,EditableComponent
FNDA:0,(anonymous_4)
FNDA:0,(anonymous_5)
FNDA:0,(anonymous_6)
FNDA:0,(anonymous_7)
FNDA:0,(anonymous_8)
FNDA:0,(anonymous_9)
FNDA:0,(anonymous_10)
FNDA:0,(anonymous_11)
FNDA:0,(anonymous_12)
FNDA:0,(anonymous_13)
DA:16,1
DA:17,1
DA:18,1
DA:19,1
DA:21,0
DA:22,0
DA:24,0
DA:27,0
DA:30,1
DA:31,0
DA:32,0
DA:35,1
DA:36,0
DA:37,0
DA:40,1
DA:41,0
DA:44,1
DA:45,0
DA:48,0
DA:49,0
DA:53,1
DA:54,0
DA:55,0
DA:58,0
DA:61,0
DA:64,1
DA:65,0
DA:68,1
DA:71,1
LF:29
LH:12
BRDA:65,0,0,0
BRDA:65,0,1,0
BRF:2
BRH:0
end_of_record
TN:
SF:C:\Users\fsommer\Documents\Seed-Test\Seed-Test\frontend\src\app\editable\view-mode.directive.ts
FN:6,(anonymous_2)
FN:8,ViewModeDirective
FNF:2
FNH:1
FNDA:1,(anonymous_2)
FNDA:0,ViewModeDirective
DA:6,1
DA:8,0
DA:10,1
LF:3
LH:2
BRF:0
BRH:0
end_of_record
TN:
SF:C:\Users\fsommer\Documents\Seed-Test\Seed-Test\frontend\src\app\example-table\example-table.component.ts
FN:10,(anonymous_2)
FN:21,ExampleTableComponent
FN:23,(anonymous_4)
FN:28,(anonymous_5)
FN:39,(anonymous_6)
FN:56,(anonymous_7)
FN:67,(anonymous_8)
FN:77,(anonymous_9)
FN:81,(anonymous_10)
FN:91,(anonymous_11)
FNF:10
FNH:10
FNDA:1,(anonymous_2)
FNDA:10,ExampleTableComponent
FNDA:10,(anonymous_4)
FNDA:2,(anonymous_5)
FNDA:5,(anonymous_6)
FNDA:5,(anonymous_7)
FNDA:1,(anonymous_8)
FNDA:2,(anonymous_9)
FNDA:2,(anonymous_10)
FNDA:1,(anonymous_11)
DA:10,1
DA:12,10
DA:13,10
DA:16,10
DA:19,10
DA:23,1
DA:28,2
DA:29,2
DA:30,2
DA:31,1
DA:32,1
DA:33,1
DA:35,1
DA:39,1
DA:40,5
DA:42,5
DA:43,5
DA:44,15
DA:45,15
DA:46,45
DA:47,45
DA:50,15
DA:53,5
DA:56,1
DA:57,5
DA:58,5
DA:59,15
DA:60,15
DA:61,45
DA:63,15
DA:67,1
DA:68,1
DA:69,1
DA:70,1
DA:71,1
DA:73,0
DA:77,1
DA:78,2
DA:81,1
DA:82,2
DA:83,1
DA:84,1
DA:85,1
DA:87,1
DA:91,1
DA:92,1
DA:94,1
LF:47
LH:46
BRDA:30,0,0,1
BRDA:30,0,1,1
BRDA:69,1,0,1
BRDA:69,1,1,0
BRDA:82,2,0,1
BRDA:82,2,1,1
BRF:6
BRH:5
end_of_record
TN:
SF:C:\Users\fsommer\Documents\Seed-Test\Seed-Test\frontend\src\app\feedback\feedback.component.ts
FN:8,(anonymous_2)
FN:10,FeedbackComponent
FN:12,(anonymous_4)
FNF:3
FNH:3
FNDA:1,(anonymous_2)
FNDA:1,FeedbackComponent
FNDA:1,(anonymous_4)
DA:8,1
DA:12,1
DA:15,1
LF:3
LH:3
BRF:0
BRH:0
end_of_record
TN:
SF:C:\Users\fsommer\Documents\Seed-Test\Seed-Test\frontend\src\app\login\login.component.ts
FN:14,(anonymous_2)
FN:21,LoginComponent
FN:25,(anonymous_4)
FN:28,(anonymous_5)
FN:30,(anonymous_6)
FN:34,(anonymous_7)
FN:39,(anonymous_8)
FN:41,(anonymous_9)
FN:46,(anonymous_10)
FN:51,(anonymous_11)
FNF:10
FNH:8
FNDA:1,(anonymous_2)
FNDA:4,LoginComponent
FNDA:4,(anonymous_4)
FNDA:1,(anonymous_5)
FNDA:1,(anonymous_6)
FNDA:0,(anonymous_7)
FNDA:1,(anonymous_8)
FNDA:1,(anonymous_9)
FNDA:0,(anonymous_10)
FNDA:1,(anonymous_11)
DA:6,1
DA:7,1
DA:14,1
DA:18,4
DA:21,4
DA:22,4
DA:25,1
DA:28,1
DA:29,1
DA:30,1
DA:31,1
DA:32,1
DA:33,1
DA:35,0
DA:39,1
DA:40,1
DA:41,1
DA:42,1
DA:43,1
DA:44,1
DA:45,1
DA:47,0
DA:51,1
DA:52,1
DA:53,1
DA:55,1
LF:26
LH:24
BRF:0
BRH:0
end_of_record
TN:
SF:C:\Users\fsommer\Documents\Seed-Test\Seed-Test\frontend\src\app\parent\parent.component.ts
FN:13,(anonymous_2)
FN:19,ParentComponent
FN:21,(anonymous_4)
FN:31,(anonymous_5)
FN:39,(anonymous_6)
FN:43,(anonymous_7)
FN:49,(anonymous_8)
FN:53,(anonymous_9)
FNF:8
FNH:7
FNDA:1,(anonymous_2)
FNDA:4,ParentComponent
FNDA:0,(anonymous_4)
FNDA:4,(anonymous_5)
FNDA:1,(anonymous_6)
FNDA:1,(anonymous_7)
FNDA:1,(anonymous_8)
FNDA:1,(anonymous_9)
DA:13,1
DA:19,4
DA:20,4
DA:21,4
DA:22,0
DA:24,4
DA:25,0
DA:27,4
DA:31,1
DA:39,1
DA:40,1
DA:41,1
DA:44,1
DA:49,1
DA:50,1
DA:53,1
DA:54,1
DA:57,1
LF:18
LH:16
BRDA:24,0,0,0
BRDA:24,0,1,4
BRF:2
BRH:1
end_of_record
TN:
SF:C:\Users\fsommer\Documents\Seed-Test\Seed-Test\frontend\src\app\scenario-editor\scenario-editor.component.ts
FN:20,(anonymous_2)
FN:40,ScenarioEditorComponent
FN:43,(anonymous_4)
FN:46,(anonymous_5)
FN:56,(anonymous_6)
FN:59,(anonymous_7)
FN:64,(anonymous_8)
FN:69,(anonymous_9)
FN:74,(anonymous_10)
FN:82,(anonymous_11)
FN:88,(anonymous_12)
FN:94,(anonymous_13)
FN:98,(anonymous_14)
FN:110,(anonymous_15)
FN:118,(anonymous_16)
FN:121,(anonymous_17)
FN:127,(anonymous_18)
FN:131,(anonymous_19)
FN:135,(anonymous_20)
FN:138,(anonymous_21)
FN:143,(anonymous_22)
FN:146,(anonymous_23)
FN:150,(anonymous_24)
FN:153,(anonymous_25)
FN:168,(anonymous_26)
FN:171,(anonymous_27)
FN:179,(anonymous_28)
FN:182,(anonymous_29)
FN:193,(anonymous_30)
FN:197,(anonymous_31)
FN:202,(anonymous_32)
FN:240,(anonymous_33)
FN:260,(anonymous_34)
FN:274,(anonymous_35)
FN:287,(anonymous_36)
FN:295,(anonymous_37)
FN:299,(anonymous_38)
FN:320,(anonymous_39)
FN:324,(anonymous_40)
FN:343,(anonymous_41)
FN:367,(anonymous_42)
FN:399,(anonymous_43)
FN:413,(anonymous_44)
FN:425,(anonymous_45)
FN:436,(anonymous_46)
FN:442,(anonymous_47)
FN:448,(anonymous_48)
FN:456,(anonymous_49)
FN:465,(anonymous_50)
FN:472,(anonymous_51)
FN:480,(anonymous_52)
FN:486,(anonymous_53)
FN:491,(anonymous_54)
FN:497,(anonymous_55)
FNF:54
FNH:44
FNDA:1,(anonymous_2)
FNDA:60,ScenarioEditorComponent
FNDA:0,(anonymous_4)
FNDA:0,(anonymous_5)
FNDA:60,(anonymous_6)
FNDA:1,(anonymous_7)
FNDA:1,(anonymous_8)
FNDA:5,(anonymous_9)
FNDA:6,(anonymous_10)
FNDA:0,(anonymous_11)
FNDA:0,(anonymous_12)
FNDA:1,(anonymous_13)
FNDA:4,(anonymous_14)
FNDA:2,(anonymous_15)
FNDA:1,(anonymous_16)
FNDA:1,(anonymous_17)
FNDA:1,(anonymous_18)
FNDA:0,(anonymous_19)
FNDA:1,(anonymous_20)
FNDA:1,(anonymous_21)
FNDA:1,(anonymous_22)
FNDA:1,(anonymous_23)
FNDA:1,(anonymous_24)
FNDA:1,(anonymous_25)
FNDA:1,(anonymous_26)
FNDA:1,(anonymous_27)
FNDA:1,(anonymous_28)
FNDA:1,(anonymous_29)
FNDA:2,(anonymous_30)
FNDA:2,(anonymous_31)
FNDA:3,(anonymous_32)
FNDA:1,(anonymous_33)
FNDA:1,(anonymous_34)
FNDA:4,(anonymous_35)
FNDA:2,(anonymous_36)
FNDA:2,(anonymous_37)
FNDA:3,(anonymous_38)
FNDA:1,(anonymous_39)
FNDA:4,(anonymous_40)
FNDA:2,(anonymous_41)
FNDA:0,(anonymous_42)
FNDA:2,(anonymous_43)
FNDA:1,(anonymous_44)
FNDA:1,(anonymous_45)
FNDA:2,(anonymous_46)
FNDA:2,(anonymous_47)
FNDA:2,(anonymous_48)
FNDA:2,(anonymous_49)
FNDA:0,(anonymous_50)
FNDA:0,(anonymous_51)
FNDA:0,(anonymous_52)
FNDA:0,(anonymous_53)
FNDA:2,(anonymous_54)
FNDA:46,(anonymous_55)
DA:12,1
DA:20,1
DA:25,60
DA:26,60
DA:29,60
DA:30,60
DA:31,60
DA:32,60
DA:33,60
DA:34,60
DA:35,60
DA:38,1
DA:40,60
DA:41,60
DA:43,60
DA:44,0
DA:46,60
DA:47,0
DA:50,60
DA:51,0
DA:56,1
DA:59,1
DA:60,1
DA:64,2
DA:65,1
DA:69,2
DA:70,5
DA:74,2
DA:75,6
DA:76,6
DA:77,1
DA:82,1
DA:84,0
DA:88,1
DA:90,0
DA:94,1
DA:95,1
DA:98,1
DA:99,4
DA:100,1
DA:101,3
DA:102,1
DA:103,2
DA:104,1
DA:106,1
DA:110,1
DA:111,2
DA:112,1
DA:114,1
DA:118,1
DA:119,1
DA:122,1
DA:127,1
DA:128,1
DA:131,1
DA:132,0
DA:135,1
DA:136,1
DA:143,1
DA:144,1
DA:150,1
DA:151,1
DA:154,1
DA:155,1
DA:168,1
DA:169,1
DA:172,1
DA:174,1
DA:175,1
DA:179,1
DA:180,1
DA:183,1
DA:185,1
DA:186,1
DA:187,1
DA:188,1
DA:193,1
DA:194,2
DA:197,1
DA:198,2
DA:202,1
DA:203,3
DA:205,3
DA:206,3
DA:214,3
DA:216,1
DA:217,1
DA:219,1
DA:220,1
DA:222,1
DA:223,1
DA:225,0
DA:226,0
DA:227,0
DA:228,0
DA:229,0
DA:231,0
DA:233,0
DA:235,0
DA:240,1
DA:241,1
DA:244,1
DA:245,1
DA:254,1
DA:255,1
DA:260,1
DA:261,1
DA:262,1
DA:271,1
DA:274,1
DA:275,4
DA:277,1
DA:279,1
DA:281,1
DA:283,1
DA:287,1
DA:288,2
DA:289,1
DA:291,1
DA:295,1
DA:296,2
DA:299,1
DA:300,3
DA:301,3
DA:302,3
DA:304,1
DA:305,1
DA:306,1
DA:308,1
DA:309,1
DA:311,1
DA:312,1
DA:314,0
DA:315,0
DA:316,0
DA:320,1
DA:321,1
DA:324,1
DA:325,4
DA:326,4
DA:328,1
DA:329,1
DA:331,1
DA:332,1
DA:334,1
DA:335,1
DA:337,1
DA:338,1
DA:343,1
DA:344,2
DA:346,2
DA:348,1
DA:349,1
DA:351,1
DA:352,1
DA:353,1
DA:354,1
DA:360,2
DA:361,1
DA:362,1
DA:363,1
DA:367,1
DA:369,0
DA:370,0
DA:371,0
DA:374,0
DA:375,0
DA:376,0
DA:377,0
DA:379,0
DA:382,0
DA:384,0
DA:385,0
DA:388,0
DA:389,0
DA:390,0
DA:391,0
DA:392,0
DA:396,0
DA:399,1
DA:400,2
DA:401,1
DA:413,1
DA:414,1
DA:415,1
DA:416,1
DA:418,1
DA:419,1
DA:420,1
DA:425,1
DA:426,1
DA:427,1
DA:428,1
DA:430,1
DA:431,1
DA:432,1
DA:436,1
DA:437,2
DA:438,2
DA:439,2
DA:442,1
DA:443,2
DA:444,2
DA:445,2
DA:448,1
DA:449,2
DA:450,2
DA:451,2
DA:452,1
DA:456,1
DA:457,2
DA:458,2
DA:459,2
DA:460,1
DA:465,1
DA:466,0
DA:467,0
DA:468,0
DA:469,0
DA:470,0
DA:474,0
DA:476,0
DA:477,0
DA:478,0
DA:479,0
DA:480,0
DA:481,0
DA:486,1
DA:487,0
DA:488,0
DA:491,1
DA:492,2
DA:497,1
DA:498,46
DA:499,36
DA:501,10
DA:502,10
DA:503,41
DA:506,10
DA:510,1
LF:240
LH:192
BRDA:50,0,0,0
BRDA:50,0,1,60
BRDA:76,1,0,1
BRDA:76,1,1,5
BRDA:76,2,0,6
BRDA:76,2,1,1
BRDA:99,3,0,1
BRDA:99,3,1,3
BRDA:101,4,0,1
BRDA:101,4,1,2
BRDA:103,5,0,1
BRDA:103,5,1,1
BRDA:111,6,0,1
BRDA:111,6,1,1
BRDA:187,7,0,1
BRDA:187,7,1,0
BRDA:215,8,0,1
BRDA:215,8,1,1
BRDA:215,8,2,1
BRDA:215,8,3,0
BRDA:215,8,4,0
BRDA:225,9,0,0
BRDA:225,9,1,0
BRDA:254,10,0,1
BRDA:254,10,1,0
BRDA:276,11,0,1
BRDA:276,11,1,1
BRDA:276,11,2,1
BRDA:276,11,3,1
BRDA:288,12,0,1
BRDA:288,12,1,1
BRDA:303,13,0,1
BRDA:303,13,1,1
BRDA:303,13,2,1
BRDA:303,13,3,0
BRDA:327,14,0,1
BRDA:327,14,1,1
BRDA:327,14,2,1
BRDA:327,14,3,1
BRDA:346,15,0,1
BRDA:346,15,1,1
BRDA:346,16,0,2
BRDA:346,16,1,1
BRDA:346,16,2,1
BRDA:346,16,3,1
BRDA:353,17,0,1
BRDA:353,17,1,0
BRDA:360,18,0,1
BRDA:360,18,1,1
BRDA:360,19,0,2
BRDA:360,19,1,1
BRDA:360,19,2,1
BRDA:360,19,3,0
BRDA:369,20,0,0
BRDA:369,20,1,0
BRDA:369,21,0,0
BRDA:369,21,1,0
BRDA:369,21,2,0
BRDA:369,21,3,0
BRDA:369,21,4,0
BRDA:374,22,0,0
BRDA:374,22,1,0
BRDA:388,23,0,0
BRDA:388,23,1,0
BRDA:400,24,0,1
BRDA:400,24,1,1
BRDA:431,25,0,1
BRDA:431,25,1,0
BRDA:451,26,0,1
BRDA:451,26,1,1
BRDA:459,27,0,1
BRDA:459,27,1,1
BRDA:498,28,0,36
BRDA:498,28,1,10
BRDA:498,29,0,46
BRDA:498,29,1,46
BRF:76
BRH:54
end_of_record
TN:
SF:C:\Users\fsommer\Documents\Seed-Test\Seed-Test\frontend\src\app\stories-bar\stories-bar.component.ts
FN:11,(anonymous_2)
FN:22,StoriesBarComponent
FN:23,(anonymous_4)
FN:28,(anonymous_5)
FN:32,(anonymous_6)
FN:34,(anonymous_7)
FN:38,(anonymous_8)
FN:43,(anonymous_9)
FN:46,(anonymous_10)
FN:52,(anonymous_11)
FNF:10
FNH:9
FNDA:1,(anonymous_2)
FNDA:10,StoriesBarComponent
FNDA:0,(anonymous_4)
FNDA:10,(anonymous_5)
FNDA:21,(anonymous_6)
FNDA:1,(anonymous_7)
FNDA:1,(anonymous_8)
FNDA:1,(anonymous_9)
FNDA:1,(anonymous_10)
FNDA:2,(anonymous_11)
DA:11,1
DA:18,10
DA:20,10
DA:22,10
DA:23,10
DA:24,0
DA:28,1
DA:32,1
DA:33,21
DA:34,1
DA:38,1
DA:39,1
DA:40,1
DA:43,1
DA:44,1
DA:47,1
DA:52,1
DA:53,2
DA:54,2
DA:55,2
DA:56,2
DA:57,1
DA:60,1
LF:23
LH:22
BRDA:33,0,0,1
BRDA:33,0,1,20
BRDA:56,1,0,1
BRDA:56,1,1,1
BRF:4
BRH:4
end_of_record
TN:
SF:C:\Users\fsommer\Documents\Seed-Test\Seed-Test\frontend\src\app\terms\terms.component.ts
FN:8,(anonymous_2)
FN:10,TermsComponent
FN:12,(anonymous_4)
FNF:3
FNH:3
FNDA:1,(anonymous_2)
FNDA:1,TermsComponent
FNDA:1,(anonymous_4)
DA:8,1
DA:12,1
DA:15,1
LF:3
LH:3
BRF:0
BRH:0
end_of_record
TN:
SF:C:\Users\fsommer\Documents\Seed-Test\Seed-Test\frontend\src\environments\environment.ts
FNF:0
FNH:0
DA:1,1
LF:1
LH:1
BRF:0
BRH:0
end_of_record
