TN:
SF:C:\Users\fsommer\Documents\Seed-Test\Seed-Test\frontend\src\polyfills.ts
FNF:0
FNH:0
LF:0
LH:0
BRF:0
BRH:0
end_of_record
TN:
SF:C:\Users\fsommer\Documents\Seed-Test\Seed-Test\frontend\src\test.ts
FNF:0
FNH:0
DA:13,1
DA:18,1
DA:20,1
LF:3
LH:3
BRF:0
BRH:0
end_of_record
TN:
SF:C:\Users\fsommer\Documents\Seed-Test\Seed-Test\frontend\src\app\app.component.ts
FN:10,(anonymous_2)
FN:19,AppComponent
FN:22,(anonymous_4)
FN:29,(anonymous_5)
FN:38,(anonymous_6)
FN:47,(anonymous_7)
FN:57,(anonymous_8)
FN:66,(anonymous_9)
FN:69,(anonymous_10)
FN:70,(anonymous_11)
FN:77,(anonymous_12)
FN:82,(anonymous_13)
FN:86,(anonymous_14)
FNF:13
FNH:6
FNDA:1,(anonymous_2)
FNDA:7,AppComponent
FNDA:5,(anonymous_4)
FNDA:0,(anonymous_5)
FNDA:0,(anonymous_6)
FNDA:7,(anonymous_7)
FNDA:5,(anonymous_8)
FNDA:1,(anonymous_9)
FNDA:0,(anonymous_10)
FNDA:0,(anonymous_11)
FNDA:0,(anonymous_12)
FNDA:0,(anonymous_13)
FNDA:0,(anonymous_14)
DA:10,1
DA:13,7
DA:14,7
DA:16,7
DA:17,7
DA:19,7
DA:22,1
DA:23,5
DA:24,5
DA:25,5
DA:29,1
DA:30,0
DA:31,0
DA:32,0
DA:33,0
DA:34,0
DA:38,1
DA:39,0
DA:40,0
DA:41,0
DA:42,0
DA:43,0
DA:47,1
DA:48,7
DA:49,7
DA:50,7
DA:52,7
DA:53,1
DA:57,1
DA:58,5
DA:59,5
DA:60,5
DA:61,5
DA:62,0
DA:66,1
DA:67,1
DA:68,1
DA:69,1
DA:70,0
DA:71,0
DA:77,1
DA:78,0
DA:79,0
DA:80,0
DA:81,0
DA:82,0
DA:86,1
DA:87,0
DA:88,0
DA:89,0
DA:90,0
DA:92,1
LF:52
LH:30
BRDA:24,0,0,5
BRDA:24,0,1,0
BRDA:32,1,0,0
BRDA:32,1,1,0
BRDA:41,2,0,0
BRDA:41,2,1,0
BRDA:52,3,0,1
BRDA:52,3,1,6
BRDA:52,4,0,7
BRDA:52,4,1,1
BRDA:61,5,0,0
BRDA:61,5,1,5
BRDA:61,6,0,5
BRDA:61,6,1,5
BRDA:61,6,2,5
BRF:15
BRH:9
end_of_record
TN:
SF:C:\Users\fsommer\Documents\Seed-Test\Seed-Test\frontend\src\app\Services\api.service.ts
FN:15,(anonymous_2)
FN:23,ApiService
FN:40,(anonymous_4)
FN:27,(anonymous_5)
FN:36,(anonymous_6)
FN:45,(anonymous_7)
FN:50,(anonymous_8)
FN:56,(anonymous_9)
FN:64,(anonymous_10)
FN:72,(anonymous_11)
FN:77,(anonymous_12)
FN:81,(anonymous_13)
FN:86,(anonymous_14)
FN:91,(anonymous_15)
FN:96,(anonymous_16)
FN:100,(anonymous_17)
FN:105,(anonymous_18)
FN:117,(anonymous_19)
FN:122,(anonymous_20)
FN:127,(anonymous_21)
FN:131,(anonymous_22)
FN:136,(anonymous_23)
FN:141,(anonymous_24)
FN:147,(anonymous_25)
FN:158,(anonymous_26)
FN:164,(anonymous_27)
FNF:26
FNH:21
FNDA:1,(anonymous_2)
FNDA:128,ApiService
FNDA:0,(anonymous_4)
FNDA:0,(anonymous_5)
FNDA:0,(anonymous_6)
FNDA:0,(anonymous_7)
FNDA:10,(anonymous_8)
FNDA:1,(anonymous_9)
FNDA:1,(anonymous_10)
FNDA:1,(anonymous_11)
FNDA:1,(anonymous_12)
FNDA:1,(anonymous_13)
FNDA:1,(anonymous_14)
FNDA:1,(anonymous_15)
FNDA:1,(anonymous_16)
FNDA:1,(anonymous_17)
FNDA:0,(anonymous_18)
FNDA:1,(anonymous_19)
FNDA:1,(anonymous_20)
FNDA:1,(anonymous_21)
FNDA:1,(anonymous_22)
FNDA:1,(anonymous_23)
FNDA:1,(anonymous_24)
FNDA:2,(anonymous_25)
FNDA:2,(anonymous_26)
FNDA:5,(anonymous_27)
DA:15,1
DA:16,128
DA:18,128
DA:19,128
DA:20,128
DA:21,128
DA:22,128
DA:23,128
DA:24,128
DA:27,1
DA:28,0
DA:29,0
DA:30,0
DA:32,0
DA:34,0
DA:35,0
DA:40,128
DA:41,0
DA:42,0
DA:45,1
DA:46,0
DA:47,0
DA:50,10
DA:51,10
DA:52,10
DA:53,3
DA:54,3
DA:56,7
DA:57,1
DA:58,1
DA:59,1
DA:64,1
DA:65,1
DA:66,1
DA:67,0
DA:69,1
DA:70,1
DA:73,1
DA:77,1
DA:78,1
DA:79,1
DA:86,1
DA:87,1
DA:89,1
DA:96,1
DA:97,1
DA:98,1
DA:105,1
DA:106,0
DA:108,0
DA:113,0
DA:117,1
DA:118,1
DA:120,1
DA:127,1
DA:128,1
DA:129,1
DA:136,1
DA:137,1
DA:139,1
DA:147,1
DA:148,2
DA:150,2
DA:151,1
DA:154,1
DA:158,1
DA:159,2
DA:160,2
DA:161,1
DA:164,1
DA:165,5
DA:167,1
LF:72
LH:58
BRDA:29,0,0,0
BRDA:29,0,1,0
BRDA:29,1,0,0
BRDA:29,1,1,0
BRDA:52,2,0,3
BRDA:52,2,1,7
BRDA:52,3,0,10
BRDA:52,3,1,3
BRDA:66,4,0,0
BRDA:66,4,1,1
BRDA:66,5,0,1
BRDA:66,5,1,1
BRDA:150,6,0,1
BRDA:150,6,1,1
BRDA:160,7,0,1
BRDA:160,7,1,1
BRF:16
BRH:11
end_of_record
TN:
SF:C:\Users\fsommer\Documents\Seed-Test\Seed-Test\frontend\src\app\directives\edit-mode.directive.ts
FN:6,(anonymous_2)
FN:7,EditModeDirective
FNF:2
FNH:1
FNDA:1,(anonymous_2)
FNDA:0,EditModeDirective
DA:6,1
DA:7,0
DA:8,1
LF:3
LH:2
BRF:0
BRH:0
end_of_record
TN:
SF:C:\Users\fsommer\Documents\Seed-Test\Seed-Test\frontend\src\app\directives\view-mode.directive.ts
FN:6,(anonymous_2)
FN:8,ViewModeDirective
FNF:2
FNH:1
FNDA:1,(anonymous_2)
FNDA:0,ViewModeDirective
DA:6,1
DA:8,0
DA:10,1
LF:3
LH:2
BRF:0
BRH:0
end_of_record
TN:
SF:C:\Users\fsommer\Documents\Seed-Test\Seed-Test\frontend\src\app\editable\editable.component.ts
FN:14,(anonymous_2)
FN:25,EditableComponent
FN:28,(anonymous_4)
FN:33,(anonymous_5)
FN:38,(anonymous_6)
FN:42,(anonymous_7)
FN:45,(anonymous_8)
FN:51,(anonymous_9)
FN:53,(anonymous_10)
FN:59,(anonymous_11)
FN:62,(anonymous_12)
FN:66,(anonymous_13)
FNF:12
FNH:1
FNDA:1,(anonymous_2)
FNDA:0,EditableComponent
FNDA:0,(anonymous_4)
FNDA:0,(anonymous_5)
FNDA:0,(anonymous_6)
FNDA:0,(anonymous_7)
FNDA:0,(anonymous_8)
FNDA:0,(anonymous_9)
FNDA:0,(anonymous_10)
FNDA:0,(anonymous_11)
FNDA:0,(anonymous_12)
FNDA:0,(anonymous_13)
DA:14,1
DA:15,1
DA:16,1
DA:17,1
DA:19,0
DA:20,0
DA:22,0
DA:25,0
DA:28,1
DA:29,0
DA:30,0
DA:33,1
DA:34,0
DA:35,0
DA:38,1
DA:39,0
DA:42,1
DA:43,0
DA:46,0
DA:47,0
DA:51,1
DA:52,0
DA:53,0
DA:56,0
DA:59,0
DA:62,1
DA:63,0
DA:66,1
DA:69,1
LF:29
LH:12
BRDA:63,0,0,0
BRDA:63,0,1,0
BRF:2
BRH:0
end_of_record
TN:
SF:C:\Users\fsommer\Documents\Seed-Test\Seed-Test\frontend\src\app\example-table\example-table.component.ts
FN:10,(anonymous_2)
FN:21,ExampleTableComponent
FN:23,(anonymous_4)
FN:28,(anonymous_5)
FN:39,(anonymous_6)
FN:56,(anonymous_7)
FN:67,(anonymous_8)
FN:77,(anonymous_9)
FN:81,(anonymous_10)
FN:91,(anonymous_11)
FNF:10
FNH:10
FNDA:1,(anonymous_2)
FNDA:72,ExampleTableComponent
FNDA:10,(anonymous_4)
FNDA:2,(anonymous_5)
FNDA:5,(anonymous_6)
FNDA:5,(anonymous_7)
FNDA:1,(anonymous_8)
FNDA:2,(anonymous_9)
FNDA:2,(anonymous_10)
FNDA:1,(anonymous_11)
DA:10,1
DA:12,72
DA:13,72
DA:16,72
DA:19,72
DA:23,1
DA:28,2
DA:29,2
DA:30,2
DA:31,1
DA:32,1
DA:33,1
DA:35,1
DA:39,1
DA:40,5
DA:42,5
DA:43,5
DA:44,15
DA:45,15
DA:46,45
DA:47,45
DA:50,15
DA:53,5
DA:56,1
DA:57,5
DA:58,5
DA:59,15
DA:60,15
DA:61,45
DA:63,15
DA:67,1
DA:68,1
DA:69,1
DA:70,1
DA:71,1
DA:73,0
DA:77,1
DA:78,2
DA:81,1
DA:82,2
DA:83,1
DA:84,1
DA:85,1
DA:87,1
DA:91,1
DA:92,1
DA:94,1
LF:47
LH:46
BRDA:30,0,0,1
BRDA:30,0,1,1
BRDA:69,1,0,1
BRDA:69,1,1,0
BRDA:82,2,0,1
BRDA:82,2,1,1
BRF:6
BRH:5
end_of_record
TN:
SF:C:\Users\fsommer\Documents\Seed-Test\Seed-Test\frontend\src\app\feedback\feedback.component.ts
FN:8,(anonymous_2)
FN:10,FeedbackComponent
FN:12,(anonymous_4)
FNF:3
FNH:3
FNDA:1,(anonymous_2)
FNDA:1,FeedbackComponent
FNDA:1,(anonymous_4)
DA:8,1
DA:12,1
DA:15,1
LF:3
LH:3
BRF:0
BRH:0
end_of_record
TN:
SF:C:\Users\fsommer\Documents\Seed-Test\Seed-Test\frontend\src\app\login\login.component.ts
FN:12,(anonymous_2)
FN:19,LoginComponent
FN:23,(anonymous_4)
FN:26,(anonymous_5)
FN:28,(anonymous_6)
FN:32,(anonymous_7)
FN:37,(anonymous_8)
FN:39,(anonymous_9)
FN:43,(anonymous_10)
FN:48,(anonymous_11)
FNF:10
FNH:8
FNDA:1,(anonymous_2)
FNDA:4,LoginComponent
FNDA:4,(anonymous_4)
FNDA:1,(anonymous_5)
FNDA:1,(anonymous_6)
FNDA:0,(anonymous_7)
FNDA:1,(anonymous_8)
FNDA:1,(anonymous_9)
FNDA:0,(anonymous_10)
FNDA:1,(anonymous_11)
DA:12,1
DA:16,4
DA:19,4
DA:20,4
DA:23,1
DA:26,1
DA:27,1
DA:28,1
DA:29,1
DA:30,1
DA:31,1
DA:33,0
DA:37,1
DA:38,1
DA:39,1
DA:40,1
DA:41,1
DA:42,1
DA:44,0
DA:48,1
DA:49,1
DA:50,1
DA:52,1
LF:23
LH:21
BRF:0
BRH:0
end_of_record
TN:
SF:C:\Users\fsommer\Documents\Seed-Test\Seed-Test\frontend\src\app\parent\parent.component.ts
FN:13,(anonymous_2)
FN:20,ParentComponent
FN:22,(anonymous_4)
FN:32,(anonymous_5)
FN:35,(anonymous_6)
FN:39,(anonymous_7)
FN:45,(anonymous_8)
FN:49,(anonymous_9)
FN:53,(anonymous_10)
FNF:9
FNH:7
FNDA:1,(anonymous_2)
FNDA:4,ParentComponent
FNDA:0,(anonymous_4)
FNDA:4,(anonymous_5)
FNDA:1,(anonymous_6)
FNDA:1,(anonymous_7)
FNDA:1,(anonymous_8)
FNDA:1,(anonymous_9)
FNDA:0,(anonymous_10)
DA:13,1
DA:20,4
DA:21,4
DA:22,4
DA:23,0
DA:25,4
DA:26,0
DA:28,4
DA:32,1
DA:35,1
DA:36,1
DA:37,1
DA:40,1
DA:45,1
DA:46,1
DA:49,1
DA:50,1
DA:53,1
DA:54,0
DA:57,1
LF:20
LH:17
BRDA:25,0,0,0
BRDA:25,0,1,4
BRF:2
BRH:1
end_of_record
TN:
SF:C:\Users\fsommer\Documents\Seed-Test\Seed-Test\frontend\src\app\scenario-editor\scenario-editor.component.ts
FN:17,(anonymous_2)
FN:28,ScenarioEditorComponent
FN:31,(anonymous_4)
FN:41,(anonymous_5)
FN:45,(anonymous_6)
FN:50,(anonymous_7)
FN:55,(anonymous_8)
FN:74,(anonymous_9)
FN:78,(anonymous_10)
FN:84,(anonymous_11)
FN:96,(anonymous_12)
FN:104,(anonymous_13)
FN:107,(anonymous_14)
FN:113,(anonymous_15)
FN:132,(anonymous_16)
FN:136,(anonymous_17)
FN:141,(anonymous_18)
FN:145,(anonymous_19)
FN:165,(anonymous_20)
FN:177,(anonymous_21)
FN:192,(anonymous_22)
FN:205,(anonymous_23)
FN:213,(anonymous_24)
FN:231,(anonymous_25)
FN:250,(anonymous_26)
FN:261,(anonymous_27)
FN:265,(anonymous_28)
FN:269,(anonymous_29)
FN:275,(anonymous_30)
FN:292,(anonymous_31)
FN:310,(anonymous_32)
FN:321,(anonymous_33)
FN:341,(anonymous_34)
FN:345,(anonymous_35)
FN:351,(anonymous_36)
FN:357,(anonymous_37)
FN:362,(anonymous_38)
FN:367,(anonymous_39)
FN:374,(anonymous_40)
FN:381,(anonymous_41)
FN:385,(anonymous_42)
FN:416,(anonymous_43)
FNF:42
FNH:34
FNDA:1,(anonymous_2)
FNDA:62,ScenarioEditorComponent
FNDA:0,(anonymous_4)
FNDA:62,(anonymous_5)
FNDA:1,(anonymous_6)
FNDA:1,(anonymous_7)
FNDA:2,(anonymous_8)
FNDA:0,(anonymous_9)
FNDA:0,(anonymous_10)
FNDA:4,(anonymous_11)
FNDA:2,(anonymous_12)
FNDA:1,(anonymous_13)
FNDA:1,(anonymous_14)
FNDA:1,(anonymous_15)
FNDA:1,(anonymous_16)
FNDA:1,(anonymous_17)
FNDA:1,(anonymous_18)
FNDA:3,(anonymous_19)
FNDA:0,(anonymous_20)
FNDA:2,(anonymous_21)
FNDA:4,(anonymous_22)
FNDA:2,(anonymous_23)
FNDA:3,(anonymous_24)
FNDA:4,(anonymous_25)
FNDA:4,(anonymous_26)
FNDA:7,(anonymous_27)
FNDA:6,(anonymous_28)
FNDA:1,(anonymous_29)
FNDA:0,(anonymous_30)
FNDA:0,(anonymous_31)
FNDA:0,(anonymous_32)
FNDA:2,(anonymous_33)
FNDA:3,(anonymous_34)
FNDA:2,(anonymous_35)
FNDA:1,(anonymous_36)
FNDA:2,(anonymous_37)
FNDA:2,(anonymous_38)
FNDA:2,(anonymous_39)
FNDA:2,(anonymous_40)
FNDA:1,(anonymous_41)
FNDA:0,(anonymous_42)
FNDA:64,(anonymous_43)
DA:17,1
DA:22,62
DA:23,62
DA:24,62
DA:26,1
DA:28,62
DA:29,62
DA:31,62
DA:32,0
DA:35,62
DA:36,0
DA:41,1
DA:45,2
DA:46,1
DA:50,2
DA:51,1
DA:55,2
DA:56,2
DA:57,2
DA:58,1
DA:64,62
DA:67,62
DA:70,62
DA:73,62
DA:74,1
DA:75,0
DA:78,1
DA:80,0
DA:84,1
DA:85,4
DA:86,1
DA:87,3
DA:88,1
DA:89,2
DA:90,1
DA:92,1
DA:96,1
DA:97,2
DA:98,1
DA:100,1
DA:104,1
DA:105,1
DA:108,1
DA:113,1
DA:114,1
DA:115,1
DA:116,1
DA:117,1
DA:119,1
DA:120,1
DA:121,4
DA:122,0
DA:126,1
DA:127,0
DA:130,1
DA:136,1
DA:137,1
DA:141,1
DA:142,1
DA:145,1
DA:146,3
DA:147,3
DA:149,1
DA:150,1
DA:152,1
DA:153,1
DA:155,1
DA:156,1
DA:158,0
DA:159,0
DA:161,0
DA:165,1
DA:166,0
DA:167,0
DA:168,0
DA:169,0
DA:170,0
DA:171,0
DA:173,0
DA:177,1
DA:178,2
DA:179,2
DA:180,2
DA:188,2
DA:192,1
DA:193,4
DA:195,1
DA:197,1
DA:199,1
DA:201,1
DA:205,1
DA:206,2
DA:207,1
DA:209,1
DA:213,1
DA:214,3
DA:216,1
DA:217,1
DA:219,1
DA:220,1
DA:222,1
DA:223,1
DA:225,0
DA:226,0
DA:227,0
DA:231,1
DA:232,4
DA:233,4
DA:235,1
DA:236,1
DA:238,1
DA:239,1
DA:241,1
DA:242,1
DA:244,1
DA:245,1
DA:250,1
DA:252,4
DA:253,1
DA:256,4
DA:257,2
DA:261,1
DA:262,7
DA:265,1
DA:266,6
DA:269,1
DA:270,1
DA:271,1
DA:272,1
DA:275,1
DA:276,0
DA:277,0
DA:279,0
DA:280,0
DA:281,0
DA:282,0
DA:285,0
DA:286,0
DA:287,0
DA:292,1
DA:294,0
DA:295,0
DA:296,0
DA:299,0
DA:300,0
DA:303,0
DA:307,0
DA:310,1
DA:311,0
DA:312,0
DA:313,0
DA:314,0
DA:316,0
DA:317,0
DA:318,0
DA:321,1
DA:322,2
DA:325,2
DA:326,1
DA:327,1
DA:328,1
DA:329,1
DA:330,2
DA:334,1
DA:335,2
DA:341,1
DA:342,3
DA:345,1
DA:346,2
DA:347,1
DA:351,1
DA:352,1
DA:353,1
DA:354,1
DA:357,1
DA:358,2
DA:359,2
DA:362,1
DA:363,2
DA:364,2
DA:367,1
DA:368,2
DA:369,2
DA:370,1
DA:374,1
DA:375,2
DA:376,2
DA:377,1
DA:381,1
DA:382,1
DA:385,1
DA:386,0
DA:387,0
DA:388,0
DA:389,0
DA:390,0
DA:391,0
DA:392,0
DA:395,0
DA:396,0
DA:397,0
DA:398,0
DA:399,0
DA:402,0
DA:403,0
DA:404,0
DA:405,0
DA:406,0
DA:410,0
DA:416,1
DA:417,64
DA:418,50
DA:420,14
DA:421,14
DA:422,57
DA:424,14
DA:426,1
LF:217
LH:157
BRDA:35,0,0,0
BRDA:35,0,1,62
BRDA:57,1,0,1
BRDA:57,1,1,1
BRDA:85,2,0,1
BRDA:85,2,1,3
BRDA:87,3,0,1
BRDA:87,3,1,2
BRDA:89,4,0,1
BRDA:89,4,1,1
BRDA:97,5,0,1
BRDA:97,5,1,1
BRDA:121,6,0,0
BRDA:121,6,1,4
BRDA:126,7,0,0
BRDA:126,7,1,1
BRDA:148,8,0,1
BRDA:148,8,1,1
BRDA:148,8,2,1
BRDA:148,8,3,0
BRDA:148,8,4,0
BRDA:166,9,0,0
BRDA:166,9,1,0
BRDA:184,10,0,1
BRDA:184,10,1,1
BRDA:186,11,0,1
BRDA:186,11,1,1
BRDA:194,12,0,1
BRDA:194,12,1,1
BRDA:194,12,2,1
BRDA:194,12,3,1
BRDA:206,13,0,1
BRDA:206,13,1,1
BRDA:215,14,0,1
BRDA:215,14,1,1
BRDA:215,14,2,1
BRDA:215,14,3,0
BRDA:234,15,0,1
BRDA:234,15,1,1
BRDA:234,15,2,1
BRDA:234,15,3,1
BRDA:252,16,0,1
BRDA:252,16,1,3
BRDA:256,17,0,2
BRDA:256,17,1,2
BRDA:262,18,0,7
BRDA:262,18,1,2
BRDA:262,18,2,1
BRDA:262,18,3,1
BRDA:266,19,0,6
BRDA:266,19,1,4
BRDA:266,19,2,3
BRDA:281,20,0,0
BRDA:281,20,1,0
BRDA:285,21,0,0
BRDA:285,21,1,0
BRDA:285,22,0,0
BRDA:285,22,1,0
BRDA:294,23,0,0
BRDA:294,23,1,0
BRDA:299,24,0,0
BRDA:299,24,1,0
BRDA:318,25,0,0
BRDA:318,25,1,0
BRDA:325,26,0,1
BRDA:325,26,1,1
BRDA:342,27,0,3
BRDA:342,27,1,2
BRDA:342,27,2,2
BRDA:342,27,3,2
BRDA:342,27,4,2
BRDA:342,27,5,1
BRDA:342,27,6,1
BRDA:346,28,0,1
BRDA:346,28,1,1
BRDA:369,29,0,1
BRDA:369,29,1,1
BRDA:376,30,0,1
BRDA:376,30,1,1
BRDA:387,31,0,0
BRDA:387,31,1,0
BRDA:391,32,0,0
BRDA:391,32,1,0
BRDA:398,33,0,0
BRDA:398,33,1,0
BRDA:405,34,0,0
BRDA:405,34,1,0
BRDA:417,35,0,50
BRDA:417,35,1,14
BRDA:417,36,0,64
BRDA:417,36,1,64
BRF:91
BRH:63
end_of_record
TN:
SF:C:\Users\fsommer\Documents\Seed-Test\Seed-Test\frontend\src\app\stories-bar\stories-bar.component.ts
FN:11,(anonymous_2)
FN:22,StoriesBarComponent
FN:23,(anonymous_4)
FN:28,(anonymous_5)
FN:32,(anonymous_6)
FN:34,(anonymous_7)
FN:38,(anonymous_8)
FN:44,(anonymous_9)
FNF:8
FNH:7
FNDA:1,(anonymous_2)
FNDA:9,StoriesBarComponent
FNDA:0,(anonymous_4)
FNDA:9,(anonymous_5)
FNDA:19,(anonymous_6)
FNDA:1,(anonymous_7)
FNDA:1,(anonymous_8)
FNDA:2,(anonymous_9)
DA:11,1
DA:18,9
DA:20,9
DA:22,9
DA:23,9
DA:24,0
DA:28,1
DA:32,1
DA:33,19
DA:34,1
DA:38,1
DA:39,1
DA:40,1
DA:44,1
DA:45,2
DA:46,2
DA:47,2
DA:48,2
DA:49,1
DA:52,1
LF:20
LH:19
BRDA:33,0,0,1
BRDA:33,0,1,18
BRDA:48,1,0,1
BRDA:48,1,1,1
BRF:4
BRH:4
end_of_record
TN:
SF:C:\Users\fsommer\Documents\Seed-Test\Seed-Test\frontend\src\app\story-editor\story-editor.component.ts
FN:19,(anonymous_2)
FN:38,StoryEditorComponent
FN:41,(anonymous_4)
FN:47,(anonymous_5)
FN:53,(anonymous_6)
FN:56,(anonymous_7)
FN:61,(anonymous_8)
FN:69,(anonymous_9)
FN:77,(anonymous_10)
FN:80,(anonymous_11)
FN:85,(anonymous_12)
FN:93,(anonymous_13)
FN:95,(anonymous_14)
FN:101,(anonymous_15)
FN:105,(anonymous_16)
FN:109,(anonymous_17)
FN:114,(anonymous_18)
FN:118,(anonymous_19)
FN:122,(anonymous_20)
FN:126,(anonymous_21)
FN:129,(anonymous_22)
FN:134,(anonymous_23)
FN:139,(anonymous_24)
FN:143,(anonymous_25)
FN:147,(anonymous_26)
FN:154,(anonymous_27)
FN:168,(anonymous_28)
FN:181,(anonymous_29)
FN:189,(anonymous_30)
FN:193,(anonymous_31)
FN:197,(anonymous_32)
FN:205,(anonymous_33)
FN:216,(anonymous_34)
FN:244,(anonymous_35)
FN:249,(anonymous_36)
FN:263,(anonymous_37)
FN:270,(anonymous_38)
FN:277,(anonymous_39)
FN:282,(anonymous_40)
FN:288,(anonymous_41)
FNF:40
FNH:28
FNDA:1,(anonymous_2)
FNDA:35,StoryEditorComponent
FNDA:0,(anonymous_4)
FNDA:0,(anonymous_5)
FNDA:35,(anonymous_6)
FNDA:0,(anonymous_7)
FNDA:6,(anonymous_8)
FNDA:5,(anonymous_9)
FNDA:1,(anonymous_10)
FNDA:1,(anonymous_11)
FNDA:1,(anonymous_12)
FNDA:0,(anonymous_13)
FNDA:0,(anonymous_14)
FNDA:0,(anonymous_15)
FNDA:0,(anonymous_16)
FNDA:1,(anonymous_17)
FNDA:1,(anonymous_18)
FNDA:1,(anonymous_19)
FNDA:1,(anonymous_20)
FNDA:1,(anonymous_21)
FNDA:1,(anonymous_22)
FNDA:1,(anonymous_23)
FNDA:2,(anonymous_24)
FNDA:2,(anonymous_25)
FNDA:1,(anonymous_26)
FNDA:2,(anonymous_27)
FNDA:4,(anonymous_28)
FNDA:2,(anonymous_29)
FNDA:2,(anonymous_30)
FNDA:1,(anonymous_31)
FNDA:1,(anonymous_32)
FNDA:1,(anonymous_33)
FNDA:0,(anonymous_34)
FNDA:1,(anonymous_35)
FNDA:0,(anonymous_36)
FNDA:0,(anonymous_37)
FNDA:0,(anonymous_38)
FNDA:0,(anonymous_39)
FNDA:2,(anonymous_40)
FNDA:27,(anonymous_41)
DA:11,1
DA:19,1
DA:24,35
DA:25,35
DA:26,35
DA:27,35
DA:28,35
DA:29,35
DA:30,35
DA:31,35
DA:33,35
DA:34,35
DA:36,1
DA:38,35
DA:39,35
DA:41,35
DA:42,0
DA:43,0
DA:44,0
DA:45,0
DA:47,35
DA:48,0
DA:49,0
DA:53,1
DA:56,1
DA:57,0
DA:61,2
DA:62,6
DA:63,6
DA:64,1
DA:69,2
DA:70,5
DA:74,35
DA:77,1
DA:78,1
DA:81,1
DA:85,1
DA:86,1
DA:87,1
DA:88,1
DA:90,1
DA:93,1
DA:94,0
DA:96,0
DA:97,0
DA:101,1
DA:102,0
DA:105,1
DA:106,0
DA:109,1
DA:110,1
DA:114,1
DA:115,1
DA:118,1
DA:120,1
DA:126,1
DA:127,1
DA:130,1
DA:134,1
DA:135,1
DA:136,1
DA:139,1
DA:140,2
DA:143,1
DA:144,2
DA:147,1
DA:148,1
DA:149,1
DA:150,1
DA:154,1
DA:155,2
DA:156,2
DA:157,2
DA:165,2
DA:168,1
DA:169,4
DA:171,1
DA:173,1
DA:175,1
DA:177,1
DA:181,1
DA:182,2
DA:183,1
DA:185,1
DA:189,1
DA:190,2
DA:193,1
DA:194,1
DA:197,1
DA:198,1
DA:199,1
DA:200,1
DA:201,1
DA:205,1
DA:206,1
DA:207,1
DA:208,1
DA:209,1
DA:210,1
DA:211,1
DA:216,1
DA:217,0
DA:218,0
DA:219,0
DA:220,0
DA:221,0
DA:222,0
DA:223,0
DA:226,0
DA:227,0
DA:228,0
DA:229,0
DA:230,0
DA:233,0
DA:234,0
DA:235,0
DA:236,0
DA:237,0
DA:241,0
DA:244,1
DA:245,1
DA:249,1
DA:250,0
DA:253,0
DA:254,0
DA:257,0
DA:258,0
DA:259,0
DA:260,0
DA:261,0
DA:264,0
DA:266,0
DA:267,0
DA:268,0
DA:269,0
DA:270,0
DA:271,0
DA:277,1
DA:278,0
DA:279,0
DA:282,1
DA:283,2
DA:288,1
DA:289,27
DA:290,21
DA:292,6
DA:293,6
DA:294,24
DA:297,6
DA:301,1
LF:150
LH:103
BRDA:63,0,0,1
BRDA:63,0,1,5
BRDA:87,1,0,1
BRDA:87,1,1,0
BRDA:149,2,0,1
BRDA:149,2,1,0
BRDA:170,3,0,1
BRDA:170,3,1,1
BRDA:170,3,2,1
BRDA:170,3,3,1
BRDA:182,4,0,1
BRDA:182,4,1,1
BRDA:210,5,0,1
BRDA:210,5,1,0
BRDA:218,6,0,0
BRDA:218,6,1,0
BRDA:222,7,0,0
BRDA:222,7,1,0
BRDA:229,8,0,0
BRDA:229,8,1,0
BRDA:236,9,0,0
BRDA:236,9,1,0
BRDA:253,10,0,0
BRDA:253,10,1,0
BRDA:289,11,0,21
BRDA:289,11,1,6
BRDA:289,12,0,27
BRDA:289,12,1,27
BRF:28
BRH:15
end_of_record
TN:
SF:C:\Users\fsommer\Documents\Seed-Test\Seed-Test\frontend\src\app\submitform\submitform.component.ts
FN:9,(anonymous_2)
FN:14,SubmitformComponent
FN:17,(anonymous_4)
FN:21,(anonymous_5)
FN:31,(anonymous_6)
FN:54,(anonymous_7)
FNF:6
FNH:4
FNDA:1,(anonymous_2)
FNDA:5,SubmitformComponent
FNDA:5,(anonymous_4)
FNDA:4,(anonymous_5)
FNDA:0,(anonymous_6)
FNDA:0,(anonymous_7)
DA:9,1
DA:11,5
DA:12,5
DA:14,5
DA:17,1
DA:21,2
DA:22,4
DA:23,0
DA:24,0
DA:25,0
DA:26,0
DA:31,1
DA:32,0
DA:33,0
DA:34,0
DA:36,0
DA:38,0
DA:40,0
DA:54,0
DA:55,0
DA:62,1
LF:21
LH:9
BRDA:22,0,0,0
BRDA:22,0,1,4
BRDA:33,1,0,0
BRDA:33,1,1,0
BRF:4
BRH:1
end_of_record
TN:
SF:C:\Users\fsommer\Documents\Seed-Test\Seed-Test\frontend\src\app\terms\terms.component.ts
FN:8,(anonymous_2)
FN:10,TermsComponent
FN:12,(anonymous_4)
FNF:3
FNH:3
FNDA:1,(anonymous_2)
FNDA:1,TermsComponent
FNDA:1,(anonymous_4)
DA:8,1
DA:12,1
DA:15,1
LF:3
LH:3
BRF:0
BRH:0
end_of_record
TN:
SF:C:\Users\fsommer\Documents\Seed-Test\Seed-Test\frontend\src\environments\environment.ts
FNF:0
FNH:0
DA:1,1
LF:1
LH:1
BRF:0
BRH:0
end_of_record
